"../../../Engine/Content/EditorBlueprintResources/StandardMacros.uasset" 0
"../../../Engine/Content/EditorBlueprintResources/StandardMacros.uexp" 1
"../../../Engine/Content/BasicShapes/BasicShapeMaterial.uasset" 2
"../../../Engine/Content/BasicShapes/BasicShapeMaterial.uexp" 3
"../../../Engine/Content/EngineMaterials/T_Default_Material_Grid_N.uasset" 4
"../../../Engine/Content/EngineMaterials/T_Default_Material_Grid_N.uexp" 5
"../../../Engine/Content/EngineMaterials/T_Default_Material_Grid_N.ubulk" 6
"../../../Engine/Content/EngineMaterials/T_Default_Material_Grid_M.uasset" 7
"../../../Engine/Content/EngineMaterials/T_Default_Material_Grid_M.uexp" 8
"../../../Engine/Content/EngineMaterials/T_Default_Material_Grid_M.ubulk" 9
"../../../Engine/Content/Functions/Engine_MaterialFunctions01/Opacity/CameraDepthFade.uasset" 10
"../../../Engine/Content/Functions/Engine_MaterialFunctions01/Opacity/CameraDepthFade.uexp" 11
"../../../Engine/Content/EngineMaterials/DefaultMaterial.uasset" 12
"../../../Engine/Content/EngineMaterials/DefaultMaterial.uexp" 13
"../../../Engine/Content/BasicShapes/Sphere.uasset" 14
"../../../Engine/Content/BasicShapes/Sphere.uexp" 15
"C:/Users/rodol/OneDrive/Documentos/Unreal Projects/TFM/Content/Player/Player.uasset" 16
"C:/Users/rodol/OneDrive/Documentos/Unreal Projects/TFM/Content/Player/Player.uexp" 17
"C:/Users/rodol/OneDrive/Documentos/Unreal Projects/TFM/Content/Items/GrabComponent.uasset" 18
"C:/Users/rodol/OneDrive/Documentos/Unreal Projects/TFM/Content/Items/GrabComponent.uexp" 19
"C:/Users/rodol/OneDrive/Documentos/Unreal Projects/TFM/Content/FirstPerson/Character/Mesh/SK_Mannequin_Arms_Skeleton.uasset" 20
"C:/Users/rodol/OneDrive/Documentos/Unreal Projects/TFM/Content/FirstPerson/Character/Mesh/SK_Mannequin_Arms_Skeleton.uexp" 21
"C:/Users/rodol/OneDrive/Documentos/Unreal Projects/TFM/Content/FirstPerson/Character/Mesh/SK_Mannequin_Arms_PhysicsAsset.uasset" 22
"C:/Users/rodol/OneDrive/Documentos/Unreal Projects/TFM/Content/FirstPerson/Character/Mesh/SK_Mannequin_Arms_PhysicsAsset.uexp" 23
"C:/Users/rodol/OneDrive/Documentos/Unreal Projects/TFM/Content/FirstPerson/Character/Textures/UE4_Mannequin_MAT_MASKA.uasset" 24
"C:/Users/rodol/OneDrive/Documentos/Unreal Projects/TFM/Content/FirstPerson/Character/Textures/UE4_Mannequin_MAT_MASKA.uexp" 25
"C:/Users/rodol/OneDrive/Documentos/Unreal Projects/TFM/Content/FirstPerson/Character/Textures/UE4_Mannequin_MAT_MASKA.ubulk" 26
"C:/Users/rodol/OneDrive/Documentos/Unreal Projects/TFM/Content/FirstPerson/Character/Textures/UE4_Mannequin__normals.uasset" 27
"C:/Users/rodol/OneDrive/Documentos/Unreal Projects/TFM/Content/FirstPerson/Character/Textures/UE4_Mannequin__normals.uexp" 28
"C:/Users/rodol/OneDrive/Documentos/Unreal Projects/TFM/Content/FirstPerson/Character/Textures/UE4_Mannequin__normals.ubulk" 29
"C:/Users/rodol/OneDrive/Documentos/Unreal Projects/TFM/Content/FirstPerson/Character/Materials/MaterialLayers/T_ML_Aluminum01_N.uasset" 30
"C:/Users/rodol/OneDrive/Documentos/Unreal Projects/TFM/Content/FirstPerson/Character/Materials/MaterialLayers/T_ML_Aluminum01_N.uexp" 31
"C:/Users/rodol/OneDrive/Documentos/Unreal Projects/TFM/Content/FirstPerson/Character/Materials/MaterialLayers/T_ML_Aluminum01_N.ubulk" 32
"C:/Users/rodol/OneDrive/Documentos/Unreal Projects/TFM/Content/FirstPerson/Character/Materials/MaterialLayers/T_ML_Aluminum01.uasset" 33
"C:/Users/rodol/OneDrive/Documentos/Unreal Projects/TFM/Content/FirstPerson/Character/Materials/MaterialLayers/T_ML_Aluminum01.uexp" 34
"C:/Users/rodol/OneDrive/Documentos/Unreal Projects/TFM/Content/FirstPerson/Character/Materials/MaterialLayers/T_ML_Aluminum01.ubulk" 35
"C:/Users/rodol/OneDrive/Documentos/Unreal Projects/TFM/Content/FirstPerson/Character/Materials/MaterialLayers/ML_SoftMetal_UE4.uasset" 36
"C:/Users/rodol/OneDrive/Documentos/Unreal Projects/TFM/Content/FirstPerson/Character/Materials/MaterialLayers/ML_SoftMetal_UE4.uexp" 37
"C:/Users/rodol/OneDrive/Documentos/Unreal Projects/TFM/Content/FirstPerson/Character/Textures/UE4_LOGO_CARD.uasset" 38
"C:/Users/rodol/OneDrive/Documentos/Unreal Projects/TFM/Content/FirstPerson/Character/Textures/UE4_LOGO_CARD.uexp" 39
"C:/Users/rodol/OneDrive/Documentos/Unreal Projects/TFM/Content/FirstPerson/Character/Textures/UE4_LOGO_CARD.ubulk" 40
"C:/Users/rodol/OneDrive/Documentos/Unreal Projects/TFM/Content/FirstPerson/Character/Materials/MaterialLayers/ML_Plastic_Shiny_Beige_LOGO.uasset" 41
"C:/Users/rodol/OneDrive/Documentos/Unreal Projects/TFM/Content/FirstPerson/Character/Materials/MaterialLayers/ML_Plastic_Shiny_Beige_LOGO.uexp" 42
"C:/Users/rodol/OneDrive/Documentos/Unreal Projects/TFM/Content/FirstPerson/Character/Materials/MaterialLayers/ML_Plastic_Shiny_Beige.uasset" 43
"C:/Users/rodol/OneDrive/Documentos/Unreal Projects/TFM/Content/FirstPerson/Character/Materials/MaterialLayers/ML_Plastic_Shiny_Beige.uexp" 44
"C:/Users/rodol/OneDrive/Documentos/Unreal Projects/TFM/Content/FirstPerson/Character/Materials/MaterialLayers/T_ML_Rubber_Blue_01_N.uasset" 45
"C:/Users/rodol/OneDrive/Documentos/Unreal Projects/TFM/Content/FirstPerson/Character/Materials/MaterialLayers/T_ML_Rubber_Blue_01_N.uexp" 46
"C:/Users/rodol/OneDrive/Documentos/Unreal Projects/TFM/Content/FirstPerson/Character/Materials/MaterialLayers/T_ML_Rubber_Blue_01_N.ubulk" 47
"C:/Users/rodol/OneDrive/Documentos/Unreal Projects/TFM/Content/FirstPerson/Character/Materials/MaterialLayers/T_ML_Rubber_Blue_01_D.uasset" 48
"C:/Users/rodol/OneDrive/Documentos/Unreal Projects/TFM/Content/FirstPerson/Character/Materials/MaterialLayers/T_ML_Rubber_Blue_01_D.uexp" 49
"C:/Users/rodol/OneDrive/Documentos/Unreal Projects/TFM/Content/FirstPerson/Character/Materials/MaterialLayers/T_ML_Rubber_Blue_01_D.ubulk" 50
"C:/Users/rodol/OneDrive/Documentos/Unreal Projects/TFM/Content/FirstPerson/Character/Materials/MaterialLayers/ML_GlossyBlack_Latex_UE4.uasset" 51
"C:/Users/rodol/OneDrive/Documentos/Unreal Projects/TFM/Content/FirstPerson/Character/Materials/MaterialLayers/ML_GlossyBlack_Latex_UE4.uexp" 52
"../../../Engine/Content/Functions/MaterialLayerFunctions/MatLayerBlend_Simple.uasset" 53
"../../../Engine/Content/Functions/MaterialLayerFunctions/MatLayerBlend_Simple.uexp" 54
"../../../Engine/Content/Functions/Engine_MaterialFunctions02/Utility/BlendAngleCorrectedNormals.uasset" 55
"../../../Engine/Content/Functions/Engine_MaterialFunctions02/Utility/BlendAngleCorrectedNormals.uexp" 56
"../../../Engine/Content/Functions/MaterialLayerFunctions/MatLayerBlend_NormalBlend.uasset" 57
"../../../Engine/Content/Functions/MaterialLayerFunctions/MatLayerBlend_NormalBlend.uexp" 58
"C:/Users/rodol/OneDrive/Documentos/Unreal Projects/TFM/Content/FirstPerson/Character/Materials/M_UE4Man_Body.uasset" 59
"C:/Users/rodol/OneDrive/Documentos/Unreal Projects/TFM/Content/FirstPerson/Character/Materials/M_UE4Man_Body.uexp" 60
"C:/Users/rodol/OneDrive/Documentos/Unreal Projects/TFM/Content/FirstPerson/Character/Mesh/SK_Mannequin_Arms.uasset" 61
"C:/Users/rodol/OneDrive/Documentos/Unreal Projects/TFM/Content/FirstPerson/Character/Mesh/SK_Mannequin_Arms.uexp" 62
"C:/Users/rodol/OneDrive/Documentos/Unreal Projects/TFM/Content/FirstPerson/Meshes/BaseMaterial.uasset" 63
"C:/Users/rodol/OneDrive/Documentos/Unreal Projects/TFM/Content/FirstPerson/Meshes/BaseMaterial.uexp" 64
"C:/Users/rodol/OneDrive/Documentos/Unreal Projects/TFM/Content/FirstPerson/Meshes/CubeMaterialOverride.uasset" 65
"C:/Users/rodol/OneDrive/Documentos/Unreal Projects/TFM/Content/FirstPerson/Meshes/CubeMaterialOverride.uexp" 66
"C:/Users/rodol/OneDrive/Documentos/Unreal Projects/TFM/Content/FirstPerson/Meshes/FirstPersonProjectileMaterial.uasset" 67
"C:/Users/rodol/OneDrive/Documentos/Unreal Projects/TFM/Content/FirstPerson/Meshes/FirstPersonProjectileMaterial.uexp" 68
"C:/Users/rodol/OneDrive/Documentos/Unreal Projects/TFM/Content/FirstPerson/Meshes/FirstPersonProjectileMesh.uasset" 69
"C:/Users/rodol/OneDrive/Documentos/Unreal Projects/TFM/Content/FirstPerson/Meshes/FirstPersonProjectileMesh.uexp" 70
"C:/Users/rodol/OneDrive/Documentos/Unreal Projects/TFM/Content/FirstPerson/Textures/FirstPersonCrosshair.uasset" 71
"C:/Users/rodol/OneDrive/Documentos/Unreal Projects/TFM/Content/FirstPerson/Textures/FirstPersonCrosshair.uexp" 72
"C:/Users/rodol/OneDrive/Documentos/Unreal Projects/TFM/Content/Geometry/Meshes/CubeMaterial.uasset" 73
"C:/Users/rodol/OneDrive/Documentos/Unreal Projects/TFM/Content/Geometry/Meshes/CubeMaterial.uexp" 74
"C:/Users/rodol/OneDrive/Documentos/Unreal Projects/TFM/Content/Geometry/Meshes/1M_Cube.uasset" 75
"C:/Users/rodol/OneDrive/Documentos/Unreal Projects/TFM/Content/Geometry/Meshes/1M_Cube.uexp" 76
"C:/Users/rodol/OneDrive/Documentos/Unreal Projects/TFM/Content/Geometry/Meshes/1M_Cube_Chamfer.uasset" 77
"C:/Users/rodol/OneDrive/Documentos/Unreal Projects/TFM/Content/Geometry/Meshes/1M_Cube_Chamfer.uexp" 78
"C:/Users/rodol/OneDrive/Documentos/Unreal Projects/TFM/Content/Geometry/Meshes/TemplateFloor.uasset" 79
"C:/Users/rodol/OneDrive/Documentos/Unreal Projects/TFM/Content/Geometry/Meshes/TemplateFloor.uexp" 80
"C:/Users/rodol/OneDrive/Documentos/Unreal Projects/TFM/Content/Items/Hammer.uasset" 81
"C:/Users/rodol/OneDrive/Documentos/Unreal Projects/TFM/Content/Items/Hammer.uexp" 82
"C:/Users/rodol/OneDrive/Documentos/Unreal Projects/TFM/Content/Items/Materials-Textures/T_Wood_Walnut_N.uasset" 83
"C:/Users/rodol/OneDrive/Documentos/Unreal Projects/TFM/Content/Items/Materials-Textures/T_Wood_Walnut_N.uexp" 84
"C:/Users/rodol/OneDrive/Documentos/Unreal Projects/TFM/Content/Items/Materials-Textures/T_Wood_Walnut_N.ubulk" 85
"C:/Users/rodol/OneDrive/Documentos/Unreal Projects/TFM/Content/Items/Materials-Textures/T_Wood_Walnut_D.uasset" 86
"C:/Users/rodol/OneDrive/Documentos/Unreal Projects/TFM/Content/Items/Materials-Textures/T_Wood_Walnut_D.uexp" 87
"C:/Users/rodol/OneDrive/Documentos/Unreal Projects/TFM/Content/Items/Materials-Textures/T_Wood_Walnut_D.ubulk" 88
"C:/Users/rodol/OneDrive/Documentos/Unreal Projects/TFM/Content/Items/Materials-Textures/T_MacroVariation.uasset" 89
"C:/Users/rodol/OneDrive/Documentos/Unreal Projects/TFM/Content/Items/Materials-Textures/T_MacroVariation.uexp" 90
"C:/Users/rodol/OneDrive/Documentos/Unreal Projects/TFM/Content/Items/Materials-Textures/M_Wood_Walnut.uasset" 91
"C:/Users/rodol/OneDrive/Documentos/Unreal Projects/TFM/Content/Items/Materials-Textures/M_Wood_Walnut.uexp" 92
"C:/Users/rodol/OneDrive/Documentos/Unreal Projects/TFM/Content/Player/ModeSupervivencia.uasset" 93
"C:/Users/rodol/OneDrive/Documentos/Unreal Projects/TFM/Content/Player/ModeSupervivencia.uexp" 94
"../../../Engine/Content/EngineMaterials/WorldGridMaterial.uasset" 95
"../../../Engine/Content/EngineMaterials/WorldGridMaterial.uexp" 96
"../../../Engine/Content/ArtTools/RenderToTexture/Meshes/S_1_Unit_Plane.uasset" 97
"../../../Engine/Content/ArtTools/RenderToTexture/Meshes/S_1_Unit_Plane.uexp" 98
"../../../Engine/Content/BasicShapes/Cone.uasset" 99
"../../../Engine/Content/BasicShapes/Cone.uexp" 100
"../../../Engine/Content/BasicShapes/Plane.uasset" 101
"../../../Engine/Content/BasicShapes/Plane.uexp" 102
"../../../Engine/Content/EditorLandscapeResources/DataLayer.uasset" 103
"../../../Engine/Content/EditorLandscapeResources/DataLayer.uexp" 104
"../../../Engine/Content/EditorLandscapeResources/DefaultAlphaTexture.uasset" 105
"../../../Engine/Content/EditorLandscapeResources/DefaultAlphaTexture.uexp" 106
"../../../Engine/Content/EditorMaterials/MAT_Groups_Toggle.uasset" 107
"../../../Engine/Content/EditorMaterials/MAT_Groups_Toggle.uexp" 108
"../../../Engine/Content/EditorMaterials/MAT_Groups_Visibility.uasset" 109
"../../../Engine/Content/EditorMaterials/MAT_Groups_Visibility.uexp" 110
"../../../Engine/Content/EditorMaterials/PreviewShadowIndicator.uasset" 111
"../../../Engine/Content/EditorMaterials/PreviewShadowIndicator.uexp" 112
"../../../Engine/Content/EditorMaterials/PreviewShadowIndicator.ubulk" 113
"../../../Engine/Content/EditorMaterials/PreviewShadowIndicatorMaterial.uasset" 114
"../../../Engine/Content/EditorMaterials/PreviewShadowIndicatorMaterial.uexp" 115
"../../../Engine/Content/EditorMaterials/MatineeGroups/MAT_ColorTrack.uasset" 116
"../../../Engine/Content/EditorMaterials/MatineeGroups/MAT_ColorTrack.uexp" 117
"../../../Engine/Content/EditorMaterials/MatineeGroups/MAT_Groups_Anim.uasset" 118
"../../../Engine/Content/EditorMaterials/MatineeGroups/MAT_Groups_Anim.uexp" 119
"../../../Engine/Content/EditorMaterials/MatineeGroups/MAT_Groups_AudioMaster.uasset" 120
"../../../Engine/Content/EditorMaterials/MatineeGroups/MAT_Groups_AudioMaster.uexp" 121
"../../../Engine/Content/EditorMaterials/MatineeGroups/MAT_Groups_Director.uasset" 122
"../../../Engine/Content/EditorMaterials/MatineeGroups/MAT_Groups_Director.uexp" 123
"../../../Engine/Content/EditorMaterials/MatineeGroups/MAT_Groups_Event.uasset" 124
"../../../Engine/Content/EditorMaterials/MatineeGroups/MAT_Groups_Event.uexp" 125
"../../../Engine/Content/EditorMaterials/MatineeGroups/MAT_Groups_Fade.uasset" 126
"../../../Engine/Content/EditorMaterials/MatineeGroups/MAT_Groups_Fade.uexp" 127
"../../../Engine/Content/EditorMaterials/MatineeGroups/MAT_Groups_Float.uasset" 128
"../../../Engine/Content/EditorMaterials/MatineeGroups/MAT_Groups_Float.uexp" 129
"../../../Engine/Content/EditorMaterials/MatineeGroups/MAT_Groups_Move.uasset" 130
"../../../Engine/Content/EditorMaterials/MatineeGroups/MAT_Groups_Move.uexp" 131
"../../../Engine/Content/EditorMaterials/MatineeGroups/MAT_Groups_Slomo.uasset" 132
"../../../Engine/Content/EditorMaterials/MatineeGroups/MAT_Groups_Slomo.uexp" 133
"../../../Engine/Content/EditorMaterials/MatineeGroups/MAT_Groups_Sound.uasset" 134
"../../../Engine/Content/EditorMaterials/MatineeGroups/MAT_Groups_Sound.uexp" 135
"../../../Engine/Content/EditorMaterials/MatineeGroups/MAT_Groups_Vector.uasset" 136
"../../../Engine/Content/EditorMaterials/MatineeGroups/MAT_Groups_Vector.uexp" 137
"../../../Engine/Content/EditorMaterials/ParticleSystems/PSysThumbnail_NoImage.uasset" 138
"../../../Engine/Content/EditorMaterials/ParticleSystems/PSysThumbnail_NoImage.uexp" 139
"../../../Engine/Content/EditorMaterials/ParticleSystems/PSysThumbnail_NoImage.ubulk" 140
"../../../Engine/Content/EditorMaterials/ParticleSystems/PSysThumbnail_OOD.uasset" 141
"../../../Engine/Content/EditorMaterials/ParticleSystems/PSysThumbnail_OOD.uexp" 142
"../../../Engine/Content/EditorMaterials/ParticleSystems/PSysThumbnail_OOD.ubulk" 143
"../../../Engine/Content/EditorMaterials/Camera/CineMat.uasset" 144
"../../../Engine/Content/EditorMaterials/Camera/CineMat.uexp" 145
"../../../Engine/Content/EditorMaterials/Camera/MI_CineMat_Rig.uasset" 146
"../../../Engine/Content/EditorMaterials/Camera/MI_CineMat_Rig.uexp" 147
"../../../Engine/Content/EditorMeshes/Camera/SM_CraneRig_Arm.uasset" 148
"../../../Engine/Content/EditorMeshes/Camera/SM_CraneRig_Arm.uexp" 149
"../../../Engine/Content/EditorMeshes/Camera/SM_CraneRig_Base.uasset" 150
"../../../Engine/Content/EditorMeshes/Camera/SM_CraneRig_Base.uexp" 151
"../../../Engine/Content/EditorMeshes/Camera/SM_CraneRig_Body.uasset" 152
"../../../Engine/Content/EditorMeshes/Camera/SM_CraneRig_Body.uexp" 153
"../../../Engine/Content/EditorMeshes/Camera/SM_CraneRig_Mount.uasset" 154
"../../../Engine/Content/EditorMeshes/Camera/SM_CraneRig_Mount.uexp" 155
"../../../Engine/Content/EditorMeshes/Camera/SM_RailRig_Mount.uasset" 156
"../../../Engine/Content/EditorMeshes/Camera/SM_RailRig_Mount.uexp" 157
"../../../Engine/Content/EditorMeshes/Camera/SM_RailRig_Track.uasset" 158
"../../../Engine/Content/EditorMeshes/Camera/SM_RailRig_Track.uexp" 159
"../../../Engine/Content/EditorResources/BSPVertex.uasset" 160
"../../../Engine/Content/EditorResources/BSPVertex.uexp" 161
"../../../Engine/Content/EditorResources/EmptyActor.uasset" 162
"../../../Engine/Content/EditorResources/EmptyActor.uexp" 163
"../../../Engine/Content/EditorResources/S_Actor.uasset" 164
"../../../Engine/Content/EditorResources/S_Actor.uexp" 165
"../../../Engine/Content/EditorResources/S_Actor.ubulk" 166
"../../../Engine/Content/EditorResources/S_Note.uasset" 167
"../../../Engine/Content/EditorResources/S_Note.uexp" 168
"../../../Engine/Content/EditorResources/S_Note.ubulk" 169
"../../../Engine/Content/EditorResources/S_Solver.uasset" 170
"../../../Engine/Content/EditorResources/S_Solver.uexp" 171
"../../../Engine/Content/EditorResources/S_Solver.ubulk" 172
"../../../Engine/Content/EditorResources/S_Terrain.uasset" 173
"../../../Engine/Content/EditorResources/S_Terrain.uexp" 174
"../../../Engine/Content/EditorResources/S_Terrain.ubulk" 175
"../../../Engine/Content/EditorResources/S_Trigger.uasset" 176
"../../../Engine/Content/EditorResources/S_Trigger.uexp" 177
"../../../Engine/Content/EditorResources/S_Trigger.ubulk" 178
"../../../Engine/Content/EditorResources/LightIcons/S_LightError.uasset" 179
"../../../Engine/Content/EditorResources/LightIcons/S_LightError.uexp" 180
"../../../Engine/Content/EditorResources/SequenceRecorder/Countdown.uasset" 181
"../../../Engine/Content/EditorResources/SequenceRecorder/Countdown.uexp" 182
"../../../Engine/Content/EditorResources/SequenceRecorder/RecordingIndicator.uasset" 183
"../../../Engine/Content/EditorResources/SequenceRecorder/RecordingIndicator.uexp" 184
"../../../Engine/Content/EngineDamageTypes/DmgTypeBP_Environmental.uasset" 185
"../../../Engine/Content/EngineDamageTypes/DmgTypeBP_Environmental.uexp" 186
"../../../Engine/Content/EngineDebugMaterials/DebugEditorMaterial.uasset" 187
"../../../Engine/Content/EngineDebugMaterials/DebugEditorMaterial.uexp" 188
"../../../Engine/Content/EngineDebugMaterials/DebugMeshMaterial.uasset" 189
"../../../Engine/Content/EngineDebugMaterials/DebugMeshMaterial.uexp" 190
"../../../Engine/Content/EngineDebugMaterials/M_SimpleUnlitTranslucent.uasset" 191
"../../../Engine/Content/EngineDebugMaterials/M_SimpleUnlitTranslucent.uexp" 192
"../../../Engine/Content/EngineDebugMaterials/VolumeToRender.uasset" 193
"../../../Engine/Content/EngineDebugMaterials/VolumeToRender.uexp" 194
"../../../Engine/Content/Functions/Engine_MaterialFunctions02/Utility/CameraDirectionVector.uasset" 195
"../../../Engine/Content/Functions/Engine_MaterialFunctions02/Utility/CameraDirectionVector.uexp" 196
"../../../Engine/Content/EngineDebugMaterials/M_VolumeRenderSphereTracePP.uasset" 197
"../../../Engine/Content/EngineDebugMaterials/M_VolumeRenderSphereTracePP.uexp" 198
"../../../Engine/Content/Functions/Engine_MaterialFunctions01/Shading/ConvertFromDiffSpec.uasset" 199
"../../../Engine/Content/Functions/Engine_MaterialFunctions01/Shading/ConvertFromDiffSpec.uexp" 200
"../../../Engine/Content/EngineDebugMaterials/VertexColorMaterial.uasset" 201
"../../../Engine/Content/EngineDebugMaterials/VertexColorMaterial.uexp" 202
"../../../Engine/Content/EngineDebugMaterials/WireframeMaterial.uasset" 203
"../../../Engine/Content/EngineDebugMaterials/WireframeMaterial.uexp" 204
"../../../Engine/Content/EngineFonts/Faces/RobotoRegular.uasset" 205
"../../../Engine/Content/EngineFonts/Faces/RobotoRegular.uexp" 206
"../../../Engine/Content/EngineFonts/Faces/RobotoRegular.ufont" 207
"../../../Engine/Content/EngineFonts/Faces/RobotoLight.uasset" 208
"../../../Engine/Content/EngineFonts/Faces/RobotoLight.uexp" 209
"../../../Engine/Content/EngineFonts/Faces/RobotoLight.ufont" 210
"../../../Engine/Content/EngineFonts/Faces/RobotoItalic.uasset" 211
"../../../Engine/Content/EngineFonts/Faces/RobotoItalic.uexp" 212
"../../../Engine/Content/EngineFonts/Faces/RobotoItalic.ufont" 213
"../../../Engine/Content/EngineFonts/Faces/RobotoBoldItalic.uasset" 214
"../../../Engine/Content/EngineFonts/Faces/RobotoBoldItalic.uexp" 215
"../../../Engine/Content/EngineFonts/Faces/RobotoBoldItalic.ufont" 216
"../../../Engine/Content/EngineFonts/Faces/RobotoBold.uasset" 217
"../../../Engine/Content/EngineFonts/Faces/RobotoBold.uexp" 218
"../../../Engine/Content/EngineFonts/Faces/RobotoBold.ufont" 219
"../../../Engine/Content/EngineFonts/Faces/DroidSansFallback.uasset" 220
"../../../Engine/Content/EngineFonts/Faces/DroidSansFallback.uexp" 221
"../../../Engine/Content/EngineFonts/Faces/DroidSansFallback.ufont" 222
"../../../Engine/Content/EngineFonts/Roboto.uasset" 223
"../../../Engine/Content/EngineFonts/Roboto.uexp" 224
"../../../Engine/Content/EngineMaterials/BaseFlattenNormalMap.uasset" 225
"../../../Engine/Content/EngineMaterials/BaseFlattenNormalMap.uexp" 226
"../../../Engine/Content/EngineMaterials/BaseFlattenGrayscaleMap.uasset" 227
"../../../Engine/Content/EngineMaterials/BaseFlattenGrayscaleMap.uexp" 228
"../../../Engine/Content/EngineMaterials/BaseFlattenEmissiveMap.uasset" 229
"../../../Engine/Content/EngineMaterials/BaseFlattenEmissiveMap.uexp" 230
"../../../Engine/Content/EngineMaterials/BaseFlattenDiffuseMap.uasset" 231
"../../../Engine/Content/EngineMaterials/BaseFlattenDiffuseMap.uexp" 232
"../../../Engine/Content/EngineMaterials/BaseFlattenMaterial.uasset" 233
"../../../Engine/Content/EngineMaterials/BaseFlattenMaterial.uexp" 234
"../../../Engine/Content/EngineMaterials/BlueNoise.uasset" 235
"../../../Engine/Content/EngineMaterials/BlueNoise.uexp" 236
"../../../Engine/Content/EngineMaterials/DefaultBloomKernel.uasset" 237
"../../../Engine/Content/EngineMaterials/DefaultBloomKernel.uexp" 238
"../../../Engine/Content/EngineMaterials/DefaultBokeh.uasset" 239
"../../../Engine/Content/EngineMaterials/DefaultBokeh.uexp" 240
"../../../Engine/Content/EngineMaterials/DefaultDiffuse.uasset" 241
"../../../Engine/Content/EngineMaterials/DefaultDiffuse.uexp" 242
"../../../Engine/Content/EngineMaterials/DefaultDiffuse.ubulk" 243
"../../../Engine/Content/EngineMaterials/DefaultDeferredDecalMaterial.uasset" 244
"../../../Engine/Content/EngineMaterials/DefaultDeferredDecalMaterial.uexp" 245
"../../../Engine/Content/EngineMaterials/DefaultLightFunctionMaterial.uasset" 246
"../../../Engine/Content/EngineMaterials/DefaultLightFunctionMaterial.uexp" 247
"../../../Engine/Content/Functions/Engine_MaterialFunctions02/Utility/BreakOutFloat2Components.uasset" 248
"../../../Engine/Content/Functions/Engine_MaterialFunctions02/Utility/BreakOutFloat2Components.uexp" 249
"../../../Engine/Content/EngineMaterials/DefaultPostProcessMaterial.uasset" 250
"../../../Engine/Content/EngineMaterials/DefaultPostProcessMaterial.uexp" 251
"../../../Engine/Content/EngineFonts/RobotoDistanceField.uasset" 252
"../../../Engine/Content/EngineFonts/RobotoDistanceField.uexp" 253
"../../../Engine/Content/EngineMaterials/DefaultTextMaterialOpaque.uasset" 254
"../../../Engine/Content/EngineMaterials/DefaultTextMaterialOpaque.uexp" 255
"../../../Engine/Content/EngineMaterials/DefaultWhiteGrid.uasset" 256
"../../../Engine/Content/EngineMaterials/DefaultWhiteGrid.uexp" 257
"../../../Engine/Content/EngineMaterials/DefaultWhiteGrid.ubulk" 258
"../../../Engine/Content/EngineMaterials/DefaultWhiteGrid_Low.uasset" 259
"../../../Engine/Content/EngineMaterials/DefaultWhiteGrid_Low.uexp" 260
"../../../Engine/Content/EngineMaterials/EmissiveMeshMaterial.uasset" 261
"../../../Engine/Content/EngineMaterials/EmissiveMeshMaterial.uexp" 262
"../../../Engine/Content/EngineMaterials/GizmoMaterial.uasset" 263
"../../../Engine/Content/EngineMaterials/GizmoMaterial.uexp" 264
"../../../Engine/Content/EngineMaterials/Good64x64TilingNoiseHighFreq.uasset" 265
"../../../Engine/Content/EngineMaterials/Good64x64TilingNoiseHighFreq.uexp" 266
"../../../Engine/Content/EngineMaterials/MiniFont.uasset" 267
"../../../Engine/Content/EngineMaterials/MiniFont.uexp" 268
"../../../Engine/Content/EngineMaterials/InvalidLightmapSettings.uasset" 269
"../../../Engine/Content/EngineMaterials/InvalidLightmapSettings.uexp" 270
"../../../Engine/Content/EngineMaterials/InvalidLightmapSettings.ubulk" 271
"../../../Engine/Content/EngineMaterials/M_InvalidLightmapSettings.uasset" 272
"../../../Engine/Content/EngineMaterials/M_InvalidLightmapSettings.uexp" 273
"../../../Engine/Content/Functions/Engine_MaterialFunctions02/WorldPositionOffset/CameraOffset.uasset" 274
"../../../Engine/Content/Functions/Engine_MaterialFunctions02/WorldPositionOffset/CameraOffset.uexp" 275
"../../../Engine/Content/EngineMaterials/PhAT_JointLimitMaterial.uasset" 276
"../../../Engine/Content/EngineMaterials/PhAT_JointLimitMaterial.uexp" 277
"../../../Engine/Content/EngineMaterials/DefaultCalibrationColor.uasset" 278
"../../../Engine/Content/EngineMaterials/DefaultCalibrationColor.uexp" 279
"../../../Engine/Content/EngineMaterials/PPM_DefaultCalibrationColor.uasset" 280
"../../../Engine/Content/EngineMaterials/PPM_DefaultCalibrationColor.uexp" 281
"../../../Engine/Content/EngineMaterials/DefaultCalibrationGrayscale.uasset" 282
"../../../Engine/Content/EngineMaterials/DefaultCalibrationGrayscale.uexp" 283
"../../../Engine/Content/EngineMaterials/PPM_DefaultCalibrationGrayscale.uasset" 284
"../../../Engine/Content/EngineMaterials/PPM_DefaultCalibrationGrayscale.uexp" 285
"../../../Engine/Content/EngineMaterials/PreintegratedSkinBRDF.uasset" 286
"../../../Engine/Content/EngineMaterials/PreintegratedSkinBRDF.uexp" 287
"../../../Engine/Content/EngineMaterials/RemoveSurfaceMaterial.uasset" 288
"../../../Engine/Content/EngineMaterials/RemoveSurfaceMaterial.uexp" 289
"../../../Engine/Content/EngineMaterials/WeightMapPlaceholderTexture.uasset" 290
"../../../Engine/Content/EngineMaterials/WeightMapPlaceholderTexture.uexp" 291
"../../../Engine/Content/EngineResources/WhiteSquareTexture.uasset" 292
"../../../Engine/Content/EngineResources/WhiteSquareTexture.uexp" 293
"../../../Engine/Content/EngineMaterials/Widget3DPassThrough.uasset" 294
"../../../Engine/Content/EngineMaterials/Widget3DPassThrough.uexp" 295
"../../../Engine/Content/EngineMaterials/Widget3DPassThrough_Masked.uasset" 296
"../../../Engine/Content/EngineMaterials/Widget3DPassThrough_Masked.uexp" 297
"../../../Engine/Content/EngineMaterials/Widget3DPassThrough_Opaque.uasset" 298
"../../../Engine/Content/EngineMaterials/Widget3DPassThrough_Opaque.uexp" 299
"../../../Engine/Content/EngineMaterials/Widget3DPassThrough_Masked_OneSided.uasset" 300
"../../../Engine/Content/EngineMaterials/Widget3DPassThrough_Masked_OneSided.uexp" 301
"../../../Engine/Content/EngineMaterials/Widget3DPassThrough_Opaque_OneSided.uasset" 302
"../../../Engine/Content/EngineMaterials/Widget3DPassThrough_Opaque_OneSided.uexp" 303
"../../../Engine/Content/EngineMaterials/Widget3DPassThrough_Translucent.uasset" 304
"../../../Engine/Content/EngineMaterials/Widget3DPassThrough_Translucent.uexp" 305
"../../../Engine/Content/EngineMaterials/Widget3DPassThrough_Translucent_OneSided.uasset" 306
"../../../Engine/Content/EngineMaterials/Widget3DPassThrough_Translucent_OneSided.uexp" 307
"../../../Engine/Content/EngineMeshes/Cylinder.uasset" 308
"../../../Engine/Content/EngineMeshes/Cylinder.uexp" 309
"../../../Engine/Content/EngineMeshes/Sphere.uasset" 310
"../../../Engine/Content/EngineMeshes/Sphere.uexp" 311
"../../../Engine/Content/EngineResources/Black.uasset" 312
"../../../Engine/Content/EngineResources/Black.uexp" 313
"../../../Engine/Content/EngineResources/DefaultTexture.uasset" 314
"../../../Engine/Content/EngineResources/DefaultTexture.uexp" 315
"../../../Engine/Content/EngineResources/DefaultTexture.ubulk" 316
"../../../Engine/Content/EngineResources/DefaultTextureCube.uasset" 317
"../../../Engine/Content/EngineResources/DefaultTextureCube.uexp" 318
"../../../Engine/Content/EngineResources/DefaultVolumeTexture2D.uasset" 319
"../../../Engine/Content/EngineResources/DefaultVolumeTexture2D.uexp" 320
"../../../Engine/Content/EngineResources/DefaultVolumeTexture.uasset" 321
"../../../Engine/Content/EngineResources/DefaultVolumeTexture.uexp" 322
"../../../Engine/Content/EngineResources/GradientTexture0.uasset" 323
"../../../Engine/Content/EngineResources/GradientTexture0.uexp" 324
"../../../Engine/Content/EngineSky/VolumetricClouds/T_NoiseShape64.uasset" 325
"../../../Engine/Content/EngineSky/VolumetricClouds/T_NoiseShape64.uexp" 326
"../../../Engine/Content/EngineSky/VolumetricClouds/T_NoiseShape64.ubulk" 327
"../../../Engine/Content/EngineSky/VolumetricClouds/T_VolumeNoiseShape64.uasset" 328
"../../../Engine/Content/EngineSky/VolumetricClouds/T_VolumeNoiseShape64.uexp" 329
"../../../Engine/Content/EngineSky/VolumetricClouds/T_NoiseErosion.uasset" 330
"../../../Engine/Content/EngineSky/VolumetricClouds/T_NoiseErosion.uexp" 331
"../../../Engine/Content/EngineSky/VolumetricClouds/T_NoiseErosion.ubulk" 332
"../../../Engine/Content/EngineSky/VolumetricClouds/T_VolumeNoiseErosion32.uasset" 333
"../../../Engine/Content/EngineSky/VolumetricClouds/T_VolumeNoiseErosion32.uexp" 334
"../../../Engine/Content/EngineSky/VolumetricClouds/CloudWeatherTexture.uasset" 335
"../../../Engine/Content/EngineSky/VolumetricClouds/CloudWeatherTexture.uexp" 336
"../../../Engine/Content/EngineSky/VolumetricClouds/CloudGradientTexture.uasset" 337
"../../../Engine/Content/EngineSky/VolumetricClouds/CloudGradientTexture.uexp" 338
"../../../Engine/Content/Functions/Engine_MaterialFunctions02/Utility/MakeFloat2.uasset" 339
"../../../Engine/Content/Functions/Engine_MaterialFunctions02/Utility/MakeFloat2.uexp" 340
"../../../Engine/Content/EngineSky/VolumetricClouds/m_SimpleVolumetricCloud.uasset" 341
"../../../Engine/Content/EngineSky/VolumetricClouds/m_SimpleVolumetricCloud.uexp" 342
"../../../Engine/Content/EngineSky/VolumetricClouds/m_SimpleVolumetricCloud_Inst.uasset" 343
"../../../Engine/Content/EngineSky/VolumetricClouds/m_SimpleVolumetricCloud_Inst.uexp" 344
"../../../Engine/Content/EngineSounds/Master.uasset" 345
"../../../Engine/Content/EngineSounds/Master.uexp" 346
"../../../Engine/Content/Functions/Engine_MaterialFunctions01/Shading/PowerToRoughness.uasset" 347
"../../../Engine/Content/Functions/Engine_MaterialFunctions01/Shading/PowerToRoughness.uexp" 348
"../../../Engine/Content/Maps/Templates/Thumbnails/Default.uasset" 349
"../../../Engine/Content/Maps/Templates/Thumbnails/Default.uexp" 350
"../../../Engine/Content/Maps/Templates/Thumbnails/TimeOfDay.uasset" 351
"../../../Engine/Content/Maps/Templates/Thumbnails/TimeOfDay.uexp" 352
"../../../Engine/Content/Maps/Templates/Thumbnails/VR-Basic.uasset" 353
"../../../Engine/Content/Maps/Templates/Thumbnails/VR-Basic.uexp" 354
"../../../Engine/Content/MobileResources/T_MobileControls_texture.uasset" 355
"../../../Engine/Content/MobileResources/T_MobileControls_texture.uexp" 356
"../../../Engine/Content/MobileResources/T_MobileMenu2.uasset" 357
"../../../Engine/Content/MobileResources/T_MobileMenu2.uexp" 358
"../../../Engine/Content/MobileResources/HUD/AnalogHat.uasset" 359
"../../../Engine/Content/MobileResources/HUD/AnalogHat.uexp" 360
"../../../Engine/Content/MobileResources/HUD/VirtualJoystick_Thumb.uasset" 361
"../../../Engine/Content/MobileResources/HUD/VirtualJoystick_Thumb.uexp" 362
"../../../Engine/Content/MobileResources/HUD/VirtualJoystick_Background.uasset" 363
"../../../Engine/Content/MobileResources/HUD/VirtualJoystick_Background.uexp" 364
"../../../Engine/Content/MobileResources/HUD/DefaultVirtualJoysticks.uasset" 365
"../../../Engine/Content/MobileResources/HUD/DefaultVirtualJoysticks.uexp" 366
"../../../Engine/Content/MobileResources/HUD/LeftVirtualJoystickOnly.uasset" 367
"../../../Engine/Content/MobileResources/HUD/LeftVirtualJoystickOnly.uexp" 368
"../../../Engine/Content/MobileResources/HUD/MobileHUDButton1_off.uasset" 369
"../../../Engine/Content/MobileResources/HUD/MobileHUDButton1_off.uexp" 370
"../../../Engine/Content/MobileResources/HUD/MobileHUDButton1_on.uasset" 371
"../../../Engine/Content/MobileResources/HUD/MobileHUDButton1_on.uexp" 372
"../../../Engine/Content/MobileResources/HUD/MobileHUDButton2_off.uasset" 373
"../../../Engine/Content/MobileResources/HUD/MobileHUDButton2_off.uexp" 374
"../../../Engine/Content/MobileResources/HUD/MobileHUDButton2_on.uasset" 375
"../../../Engine/Content/MobileResources/HUD/MobileHUDButton2_on.uexp" 376
"../../../Engine/Content/MobileResources/HUD/MobileHUDButton3.uasset" 377
"../../../Engine/Content/MobileResources/HUD/MobileHUDButton3.uexp" 378
"../../../Engine/Content/MobileResources/HUD/MobileHUDButtonFire.uasset" 379
"../../../Engine/Content/MobileResources/HUD/MobileHUDButtonFire.uexp" 380
"../../../Engine/Content/MobileResources/HUD/MobileHUDDirectionPad.uasset" 381
"../../../Engine/Content/MobileResources/HUD/MobileHUDDirectionPad.uexp" 382
"../../../Engine/Content/MobileResources/HUD/MobileHUDDirectionPad2.uasset" 383
"../../../Engine/Content/MobileResources/HUD/MobileHUDDirectionPad2.uexp" 384
"../../../Engine/Content/MobileResources/HUD/MobileHUDDirectionPad3.uasset" 385
"../../../Engine/Content/MobileResources/HUD/MobileHUDDirectionPad3.uexp" 386
"../../../Engine/Content/MobileResources/HUD/MobileHUDDirectionStick.uasset" 387
"../../../Engine/Content/MobileResources/HUD/MobileHUDDirectionStick.uexp" 388
"../../../Engine/Content/MobileResources/HUD/T_Castle_ThumbstickInner.uasset" 389
"../../../Engine/Content/MobileResources/HUD/T_Castle_ThumbstickInner.uexp" 390
"../../../Engine/Content/MobileResources/HUD/T_Castle_ThumbstickOutter.uasset" 391
"../../../Engine/Content/MobileResources/HUD/T_Castle_ThumbstickOutter.uexp" 392
"../../../Engine/Content/Tutorial/ContentIntroCurve.uasset" 393
"../../../Engine/Content/Tutorial/ContentIntroCurve.uexp" 394
"../../../Engine/Content/Tutorial/Basics/TutorialAssets/icon_tab_Levels_40x.uasset" 395
"../../../Engine/Content/Tutorial/Basics/TutorialAssets/icon_tab_Levels_40x.uexp" 396
"../../../Engine/Content/Tutorial/BlueprintTutorials/TutorialAssets/Blueprint_64x.uasset" 397
"../../../Engine/Content/Tutorial/BlueprintTutorials/TutorialAssets/Blueprint_64x.uexp" 398
"../../../Engine/Content/Tutorial/BlueprintTutorials/TutorialAssets/BlueprintInterface_64x.uasset" 399
"../../../Engine/Content/Tutorial/BlueprintTutorials/TutorialAssets/BlueprintInterface_64x.uexp" 400
"../../../Engine/Content/Tutorial/BlueprintTutorials/TutorialAssets/Tutorial_BP_Interface.uasset" 401
"../../../Engine/Content/Tutorial/BlueprintTutorials/TutorialAssets/Tutorial_BP_Interface.uexp" 402
"../../../Engine/Content/Tutorial/Landscape/TutorialAssets/Landscape.uasset" 403
"../../../Engine/Content/Tutorial/Landscape/TutorialAssets/Landscape.uexp" 404
"../../../Engine/Content/Tutorial/SubEditors/TutorialAssets/TutorialMaterial.uasset" 405
"../../../Engine/Content/Tutorial/SubEditors/TutorialAssets/TutorialMaterial.uexp" 406
"../../../Engine/Content/VREditor/TransformGizmo/TranslucentTransformGizmoMaterial.uasset" 407
"../../../Engine/Content/VREditor/TransformGizmo/TranslucentTransformGizmoMaterial.uexp" 408
"../../../Engine/Content/VREditor/LaserPointer/VR_LaserPower_01.uasset" 409
"../../../Engine/Content/VREditor/LaserPointer/VR_LaserPower_01.uexp" 410
"../../../Engine/Content/VREditor/LaserPointer/VR_LaserPower_01.ubulk" 411
"../../../Engine/Content/VREditor/TransformGizmo/TransformGizmoMaterial.uasset" 412
"../../../Engine/Content/VREditor/TransformGizmo/TransformGizmoMaterial.uexp" 413
"../../../Engine/Content/VREditor/TransformGizmo/BoundingBoxCorner.uasset" 414
"../../../Engine/Content/VREditor/TransformGizmo/BoundingBoxCorner.uexp" 415
"../../../Engine/Content/VREditor/TransformGizmo/BoundingBoxEdge.uasset" 416
"../../../Engine/Content/VREditor/TransformGizmo/BoundingBoxEdge.uexp" 417
"../../../Engine/Content/VREditor/TransformGizmo/PlaneTranslationHandle.uasset" 418
"../../../Engine/Content/VREditor/TransformGizmo/PlaneTranslationHandle.uexp" 419
"../../../Engine/Content/VREditor/TransformGizmo/Xray.uasset" 420
"../../../Engine/Content/VREditor/TransformGizmo/Xray.uexp" 421
"../../../Engine/Content/VREditor/TransformGizmo/Main.uasset" 422
"../../../Engine/Content/VREditor/TransformGizmo/Main.uexp" 423
"../../../Engine/Content/VREditor/TransformGizmo/SM_Sequencer_Key.uasset" 424
"../../../Engine/Content/VREditor/TransformGizmo/SM_Sequencer_Key.uexp" 425
"../../../Engine/Content/VREditor/TransformGizmo/SM_Sequencer_Node.uasset" 426
"../../../Engine/Content/VREditor/TransformGizmo/SM_Sequencer_Node.uexp" 427
"../../../Engine/Plugins/2D/Paper2D/Content/PlaceholderTextures/DummySpriteTexture.uasset" 428
"../../../Engine/Plugins/2D/Paper2D/Content/PlaceholderTextures/DummySpriteTexture.uexp" 429
"../../../Engine/Plugins/2D/Paper2D/Content/PlaceholderTextures/DummySpriteTexture.ubulk" 430
"../../../Engine/Plugins/2D/Paper2D/Content/DummySprite.uasset" 431
"../../../Engine/Plugins/2D/Paper2D/Content/DummySprite.uexp" 432
"../../../Engine/Plugins/2D/Paper2D/Content/DefaultPaperTerrainMaterial.uasset" 433
"../../../Engine/Plugins/2D/Paper2D/Content/DefaultPaperTerrainMaterial.uexp" 434
"../../../Engine/Plugins/2D/Paper2D/Content/DefaultSpriteMaterial.uasset" 435
"../../../Engine/Plugins/2D/Paper2D/Content/DefaultSpriteMaterial.uexp" 436
"../../../Engine/Plugins/2D/Paper2D/Content/MaskedUnlitSpriteMaterial.uasset" 437
"../../../Engine/Plugins/2D/Paper2D/Content/MaskedUnlitSpriteMaterial.uexp" 438
"../../../Engine/Plugins/2D/Paper2D/Content/OpaqueUnlitSpriteMaterial.uasset" 439
"../../../Engine/Plugins/2D/Paper2D/Content/OpaqueUnlitSpriteMaterial.uexp" 440
"../../../Engine/Content/Functions/Engine_MaterialFunctions02/Utility/BreakOutFloat3Components.uasset" 441
"../../../Engine/Content/Functions/Engine_MaterialFunctions02/Utility/BreakOutFloat3Components.uexp" 442
"../../../Engine/Plugins/Editor/SpeedTreeImporter/Content/SpeedTree9/UnpackInteger3.uasset" 443
"../../../Engine/Plugins/Editor/SpeedTreeImporter/Content/SpeedTree9/UnpackInteger3.uexp" 444
"../../../Engine/Plugins/Editor/SpeedTreeImporter/Content/SpeedTree9/UnpackDirection.uasset" 445
"../../../Engine/Plugins/Editor/SpeedTreeImporter/Content/SpeedTree9/UnpackDirection.uexp" 446
"../../../Engine/Plugins/Editor/SpeedTreeImporter/Content/SpeedTree9/game_wind_noise.uasset" 447
"../../../Engine/Plugins/Editor/SpeedTreeImporter/Content/SpeedTree9/game_wind_noise.uexp" 448
"../../../Engine/Plugins/Editor/SpeedTreeImporter/Content/SpeedTree9/game_wind_noise.ubulk" 449
"../../../Engine/Content/Functions/Engine_MaterialFunctions02/SafeNormalize.uasset" 450
"../../../Engine/Content/Functions/Engine_MaterialFunctions02/SafeNormalize.uexp" 451
"../../../Engine/Plugins/Editor/SpeedTreeImporter/Content/SpeedTree9/SpeedTreeWindMotion.uasset" 452
"../../../Engine/Plugins/Editor/SpeedTreeImporter/Content/SpeedTree9/SpeedTreeWindMotion.uexp" 453
"../../../Engine/Plugins/Editor/SpeedTreeImporter/Content/SpeedTree9/SpeedTreeBranchMotion.uasset" 454
"../../../Engine/Plugins/Editor/SpeedTreeImporter/Content/SpeedTree9/SpeedTreeBranchMotion.uexp" 455
"../../../Engine/Content/Functions/Engine_MaterialFunctions02/ObjectLocalBounds.uasset" 456
"../../../Engine/Content/Functions/Engine_MaterialFunctions02/ObjectLocalBounds.uexp" 457
"../../../Engine/Content/Functions/Engine_MaterialFunctions02/UVs/BoundingBoxBased_0-1_UVW.uasset" 458
"../../../Engine/Content/Functions/Engine_MaterialFunctions02/UVs/BoundingBoxBased_0-1_UVW.uexp" 459
"../../../Engine/Content/Functions/Engine_MaterialFunctions02/Utility/VectorLength.uasset" 460
"../../../Engine/Content/Functions/Engine_MaterialFunctions02/Utility/VectorLength.uexp" 461
"../../../Engine/Content/Functions/Engine_MaterialFunctions02/WorldPositionOffset/ObjectScale.uasset" 462
"../../../Engine/Content/Functions/Engine_MaterialFunctions02/WorldPositionOffset/ObjectScale.uexp" 463
"../../../Engine/Plugins/Editor/SpeedTreeImporter/Content/SpeedTree9/SpeedTreeWind.uasset" 464
"../../../Engine/Plugins/Editor/SpeedTreeImporter/Content/SpeedTree9/SpeedTreeWind.uexp" 465
"../../../Engine/Plugins/Editor/SpeedTreeImporter/Content/SpeedTree9/SpeedTreeBillboard.uasset" 466
"../../../Engine/Plugins/Editor/SpeedTreeImporter/Content/SpeedTree9/SpeedTreeBillboard.uexp" 467
"../../../Engine/Plugins/Editor/SpeedTreeImporter/Content/SpeedTree9/EmptyNormal.uasset" 468
"../../../Engine/Plugins/Editor/SpeedTreeImporter/Content/SpeedTree9/EmptyNormal.uexp" 469
"../../../Engine/Plugins/Editor/SpeedTreeImporter/Content/SpeedTree9/Empty.uasset" 470
"../../../Engine/Plugins/Editor/SpeedTreeImporter/Content/SpeedTree9/Empty.uexp" 471
"../../../Engine/Plugins/Editor/SpeedTreeImporter/Content/SpeedTree9/SpeedTreeBillboardMaster.uasset" 472
"../../../Engine/Plugins/Editor/SpeedTreeImporter/Content/SpeedTree9/SpeedTreeBillboardMaster.uexp" 473
"../../../Engine/Plugins/Editor/SpeedTreeImporter/Content/SpeedTree9/SpeedTreeCameraFacing.uasset" 474
"../../../Engine/Plugins/Editor/SpeedTreeImporter/Content/SpeedTree9/SpeedTreeCameraFacing.uexp" 475
"../../../Engine/Plugins/Editor/SpeedTreeImporter/Content/SpeedTree9/SpeedTreeMaster.uasset" 476
"../../../Engine/Plugins/Editor/SpeedTreeImporter/Content/SpeedTree9/SpeedTreeMaster.uexp" 477
"../../../Engine/Content/ArtTools/RenderToTexture/Materials/Debug/M_Emissive_Color.uasset" 478
"../../../Engine/Content/ArtTools/RenderToTexture/Materials/Debug/M_Emissive_Color.uexp" 479
"../../../Engine/Content/BasicShapes/Cylinder.uasset" 480
"../../../Engine/Content/BasicShapes/Cylinder.uexp" 481
"../../../Engine/Plugins/Lumin/MagicLeapPassableWorld/Content/MagicLeapARPinInfoActor.uasset" 482
"../../../Engine/Plugins/Lumin/MagicLeapPassableWorld/Content/MagicLeapARPinInfoActor.uexp" 483
"../../../Engine/Content/EngineSky/T_Sky_Stars.uasset" 484
"../../../Engine/Content/EngineSky/T_Sky_Stars.uexp" 485
"../../../Engine/Content/EngineSky/T_Sky_Stars.ubulk" 486
"../../../Engine/Content/EngineSky/T_Sky_Clouds_M.uasset" 487
"../../../Engine/Content/EngineSky/T_Sky_Clouds_M.uexp" 488
"../../../Engine/Content/EngineSky/T_Sky_Clouds_M.ubulk" 489
"../../../Engine/Content/EngineSky/T_Sky_Blue.uasset" 490
"../../../Engine/Content/EngineSky/T_Sky_Blue.uexp" 491
"../../../Engine/Content/EngineSky/T_Sky_Blue.ubulk" 492
"../../../Engine/Content/EngineMaterials/DefaultPhysicalMaterial.uasset" 493
"../../../Engine/Content/EngineMaterials/DefaultPhysicalMaterial.uexp" 494
"../../../Engine/Content/EngineSky/M_Sky_Panning_Clouds2.uasset" 495
"../../../Engine/Content/EngineSky/M_Sky_Panning_Clouds2.uexp" 496
"C:/Users/rodol/OneDrive/Documentos/Unreal Projects/TFM/Content/Levels/Level1_BuiltData.uasset" 497
"C:/Users/rodol/OneDrive/Documentos/Unreal Projects/TFM/Content/Levels/Level1_BuiltData.uexp" 498
"C:/Users/rodol/OneDrive/Documentos/Unreal Projects/TFM/Content/Levels/Level1_BuiltData.ubulk" 499
"../../../Engine/Content/EngineSky/SM_SkySphere.uasset" 500
"../../../Engine/Content/EngineSky/SM_SkySphere.uexp" 501
"../../../Engine/Content/EngineSky/C_Sky_Zenith_Color.uasset" 502
"../../../Engine/Content/EngineSky/C_Sky_Zenith_Color.uexp" 503
"../../../Engine/Content/EngineSky/C_Sky_Horizon_Color.uasset" 504
"../../../Engine/Content/EngineSky/C_Sky_Horizon_Color.uexp" 505
"../../../Engine/Content/EngineSky/C_Sky_Cloud_Color.uasset" 506
"../../../Engine/Content/EngineSky/C_Sky_Cloud_Color.uexp" 507
"../../../Engine/Content/EngineSky/BP_Sky_Sphere.uasset" 508
"../../../Engine/Content/EngineSky/BP_Sky_Sphere.uexp" 509
"C:/Users/rodol/OneDrive/Documentos/Unreal Projects/TFM/Content/Items/Materials-Textures/T_Wood_Oak_N.uasset" 510
"C:/Users/rodol/OneDrive/Documentos/Unreal Projects/TFM/Content/Items/Materials-Textures/T_Wood_Oak_N.uexp" 511
"C:/Users/rodol/OneDrive/Documentos/Unreal Projects/TFM/Content/Items/Materials-Textures/T_Wood_Oak_N.ubulk" 512
"C:/Users/rodol/OneDrive/Documentos/Unreal Projects/TFM/Content/Items/Materials-Textures/T_Wood_Oak_D.uasset" 513
"C:/Users/rodol/OneDrive/Documentos/Unreal Projects/TFM/Content/Items/Materials-Textures/T_Wood_Oak_D.uexp" 514
"C:/Users/rodol/OneDrive/Documentos/Unreal Projects/TFM/Content/Items/Materials-Textures/T_Wood_Oak_D.ubulk" 515
"C:/Users/rodol/OneDrive/Documentos/Unreal Projects/TFM/Content/Items/Materials-Textures/M_Wood_Oak.uasset" 516
"C:/Users/rodol/OneDrive/Documentos/Unreal Projects/TFM/Content/Items/Materials-Textures/M_Wood_Oak.uexp" 517
"C:/Users/rodol/OneDrive/Documentos/Unreal Projects/TFM/Content/Items/VertexRock.uasset" 518
"C:/Users/rodol/OneDrive/Documentos/Unreal Projects/TFM/Content/Items/VertexRock.uexp" 519
"C:/Users/rodol/OneDrive/Documentos/Unreal Projects/TFM/Content/Items/BasicRock.uasset" 520
"C:/Users/rodol/OneDrive/Documentos/Unreal Projects/TFM/Content/Items/BasicRock.uexp" 521
"C:/Users/rodol/OneDrive/Documentos/Unreal Projects/TFM/Content/Items/Rock.uasset" 522
"C:/Users/rodol/OneDrive/Documentos/Unreal Projects/TFM/Content/Items/Rock.uexp" 523
"../../../Engine/Content/BasicShapes/Cube.uasset" 524
"../../../Engine/Content/BasicShapes/Cube.uexp" 525
"C:/Users/rodol/OneDrive/Documentos/Unreal Projects/TFM/Content/Items/WoodLog.uasset" 526
"C:/Users/rodol/OneDrive/Documentos/Unreal Projects/TFM/Content/Items/WoodLog.uexp" 527
"C:/Users/rodol/OneDrive/Documentos/Unreal Projects/TFM/Content/Items/Materials-Textures/T_Wood_Pine_N.uasset" 528
"C:/Users/rodol/OneDrive/Documentos/Unreal Projects/TFM/Content/Items/Materials-Textures/T_Wood_Pine_N.uexp" 529
"C:/Users/rodol/OneDrive/Documentos/Unreal Projects/TFM/Content/Items/Materials-Textures/T_Wood_Pine_N.ubulk" 530
"C:/Users/rodol/OneDrive/Documentos/Unreal Projects/TFM/Content/Items/Materials-Textures/T_Wood_Pine_D.uasset" 531
"C:/Users/rodol/OneDrive/Documentos/Unreal Projects/TFM/Content/Items/Materials-Textures/T_Wood_Pine_D.uexp" 532
"C:/Users/rodol/OneDrive/Documentos/Unreal Projects/TFM/Content/Items/Materials-Textures/T_Wood_Pine_D.ubulk" 533
"C:/Users/rodol/OneDrive/Documentos/Unreal Projects/TFM/Content/Items/Materials-Textures/M_Wood_Pine.uasset" 534
"C:/Users/rodol/OneDrive/Documentos/Unreal Projects/TFM/Content/Items/Materials-Textures/M_Wood_Pine.uexp" 535
"C:/Users/rodol/OneDrive/Documentos/Unreal Projects/TFM/Content/Items/Knife.uasset" 536
"C:/Users/rodol/OneDrive/Documentos/Unreal Projects/TFM/Content/Items/Knife.uexp" 537
"C:/Users/rodol/OneDrive/Documentos/Unreal Projects/TFM/Content/Levels/Level1.uexp" 538
"C:/Users/rodol/OneDrive/Documentos/Unreal Projects/TFM/Content/Levels/Level1.ubulk" 539
"C:/Users/rodol/OneDrive/Documentos/Unreal Projects/TFM/Content/Levels/Level1.umap" 540
"../../../Engine/Content/Maps/Entry_BuiltData.uasset" 541
"../../../Engine/Content/Maps/Entry_BuiltData.uexp" 542
"../../../Engine/Content/Maps/Entry.uexp" 543
"../../../Engine/Content/Maps/Entry.umap" 544
